{"numTotalTestSuites":6,"numPassedTestSuites":3,"numFailedTestSuites":3,"numPendingTestSuites":0,"numTotalTests":7,"numPassedTests":4,"numFailedTests":3,"numPendingTests":0,"numTodoTests":0,"snapshot":{"added":0,"failure":false,"filesAdded":0,"filesRemoved":0,"filesRemovedList":[],"filesUnmatched":0,"filesUpdated":0,"matched":0,"total":0,"unchecked":0,"uncheckedKeysByFile":[],"unmatched":0,"updated":0,"didUpdate":false},"startTime":1788441604341,"success":false,"testResults":[{"assertionResults":[{"ancestorTitles":["frontend test harness"],"fullName":"frontend test harness renders the app shell under a memory router","status":"passed","title":"renders the app shell under a memory router","duration":18.16815699999995,"failureMessages":[],"meta":{}}],"startTime":1788441605107,"endTime":1788441605125.1682,"status":"passed","message":"","name":"/tmp/roll4ws/src/__tests__/harness.test.jsx"},{"assertionResults":[{"ancestorTitles":["RunListView"],"fullName":"RunListView renders an empty state when the API returns no runs","status":"passed","title":"renders an empty state when the API returns no runs","duration":42.425103000000036,"failureMessages":[],"meta":{}},{"ancestorTitles":["RunListView"],"fullName":"RunListView renders run cards with title and participant count when data exists","status":"passed","title":"renders run cards with title and participant count when data exists","duration":10.536828000000014,"failureMessages":[],"meta":{}},{"ancestorTitles":["RunCreateView"],"fullName":"RunCreateView shows validation error when required fields are empty on submit","status":"failed","title":"shows validation error when required fields are empty on submit","duration":8.726190999999972,"failureMessages":["TypeError: __vi_import_3__.default.click is not a function\n    at /tmp/roll4ws/src/__tests__/runs.test.jsx:108:21\n    at file:///tmp/roll4ws/node_modules/@vitest/runner/dist/index.js:146:14\n    at file:///tmp/roll4ws/node_modules/@vitest/runner/dist/index.js:533:11\n    at runWithTimeout (file:///tmp/roll4ws/node_modules/@vitest/runner/dist/index.js:39:7)\n    at runTest (file:///tmp/roll4ws/node_modules/@vitest/runner/dist/index.js:1056:17)\n    at runSuite (file:///tmp/roll4ws/node_modules/@vitest/runner/dist/index.js:1205:15)\n    at runSuite (file:///tmp/roll4ws/node_modules/@vitest/runner/dist/index.js:1205:15)\n    at runFiles (file:///tmp/roll4ws/node_modules/@vitest/runner/dist/index.js:1262:5)\n    at startTests (file:///tmp/roll4ws/node_modules/@vitest/runner/dist/index.js:1271:3)\n    at file:///tmp/roll4ws/node_modules/vitest/dist/chunks/runBaseTests.3qpJUEJM.js:126:11"],"meta":{}},{"ancestorTitles":["RunCreateView"],"fullName":"RunCreateView submits successfully and navigates to the run detail when all required fields are filled","status":"failed","title":"submits successfully and navigates to the run detail when all required fields are filled","duration":3.463673999999969,"failureMessages":["TypeError: __vi_import_3__.default.type is not a function\n    at /tmp/roll4ws/src/__tests__/runs.test.jsx:124:21\n    at file:///tmp/roll4ws/node_modules/@vitest/runner/dist/index.js:146:14\n    at file:///tmp/roll4ws/node_modules/@vitest/runner/dist/index.js:533:11\n    at runWithTimeout (file:///tmp/roll4ws/node_modules/@vitest/runner/dist/index.js:39:7)\n    at runTest (file:///tmp/roll4ws/node_modules/@vitest/runner/dist/index.js:1056:17)\n    at runSuite (file:///tmp/roll4ws/node_modules/@vitest/runner/dist/index.js:1205:15)\n    at runSuite (file:///tmp/roll4ws/node_modules/@vitest/runner/dist/index.js:1205:15)\n    at runFiles (file:///tmp/roll4ws/node_modules/@vitest/runner/dist/index.js:1262:5)\n    at startTests (file:///tmp/roll4ws/node_modules/@vitest/runner/dist/index.js:1271:3)\n    at file:///tmp/roll4ws/node_modules/vitest/dist/chunks/runBaseTests.3qpJUEJM.js:126:11"],"meta":{}},{"ancestorTitles":["RunDetailView"],"fullName":"RunDetailView renders run details and the participant list","status":"passed","title":"renders run details and the participant list","duration":7.761360999999965,"failureMessages":[],"meta":{}},{"ancestorTitles":["RunDetailView"],"fullName":"RunDetailView shows an error message when joining with a duplicate name is rejected","status":"failed","title":"shows an error message when joining with a duplicate name is rejected","duration":4.792229999999904,"failureMessages":["TypeError: __vi_import_3__.default.type is not a function\n    at /tmp/roll4ws/src/__tests__/runs.test.jsx:182:21\n    at file:///tmp/roll4ws/node_modules/@vitest/runner/dist/index.js:533:5\n    at runTest (file:///tmp/roll4ws/node_modules/@vitest/runner/dist/index.js:1056:11)\n    at runSuite (file:///tmp/roll4ws/node_modules/@vitest/runner/dist/index.js:1205:15)\n    at runSuite (file:///tmp/roll4ws/node_modules/@vitest/runner/dist/index.js:1205:15)\n    at runFiles (file:///tmp/roll4ws/node_modules/@vitest/runner/dist/index.js:1262:5)\n    at startTests (file:///tmp/roll4ws/node_modules/@vitest/runner/dist/index.js:1271:3)\n    at file:///tmp/roll4ws/node_modules/vitest/dist/chunks/runBaseTests.3qpJUEJM.js:126:11\n    at withEnv (file:///tmp/roll4ws/node_modules/vitest/dist/chunks/runBaseTests.3qpJUEJM.js:90:5)\n    at run (file:///tmp/roll4ws/node_modules/vitest/dist/chunks/runBaseTests.3qpJUEJM.js:112:3)"],"meta":{}}],"startTime":1788441605110,"endTime":1788441605188.7922,"status":"failed","message":"","name":"/tmp/roll4ws/src/__tests__/runs.test.jsx"}]}